<?xml version="1.0" encoding="UTF-8"?>
<!-- Generated by org.testng.reporters.JUnitXMLReporter -->
<testsuite ignored="0" hostname="YCSLAP1011" failures="2" tests="9" name="Test" time="179.49" errors="0" timestamp="2024-12-04T11:15:17 IST">
  <testcase classname="project_Amazontest.Testcase5_searchproduct_shoe" name="searching_shoe" time="8.005"/>
  <testcase classname="project_Amazontest.Testcase4_edit_profile_information" name="Addnewaddress" time="17.287"/>
  <testcase classname="project_Amazontest.Testcase3_login_with_invalid_cred" name="login_with_incorrect_credentials" time="2.095">
    <failure type="org.openqa.selenium.ElementNotInteractableException" message="element not interactable
  (Session info: MicrosoftEdge=131.0.2903.70)
Build info: version: &amp;apos;4.26.0&amp;apos;, revision: &amp;apos;8ccf0219d7&amp;apos;
System info: os.name: &amp;apos;Windows 11&amp;apos;, os.arch: &amp;apos;amd64&amp;apos;, os.version: &amp;apos;10.0&amp;apos;, java.version: &amp;apos;22.0.1&amp;apos;
Driver info: org.openqa.selenium.edge.EdgeDriver
Command: [e407fe92dd47b2b344ebcda2355b2549, sendKeysToElement {value=[Ljava.lang.CharSequence;@4dba773d, id=f.BF05E15C7B65418D07D9CD98A9B4E8EA.d.EB412C2C33C5A4568F6354A17703EFEA.e.106}]
Capabilities {acceptInsecureCerts: false, browserName: MicrosoftEdge, browserVersion: 131.0.2903.70, fedcm:accounts: true, ms:edgeOptions: {debuggerAddress: localhost:59365}, msedge: {msedgedriverVersion: 131.0.2903.70 (73cf19ceae66..., userDataDir: C:\Users\Ritesh.s\AppData\L...}, networkConnectionEnabled: false, pageLoadStrategy: normal, platformName: windows, proxy: Proxy(), se:cdp: ws://localhost:59365/devtoo..., se:cdpVersion: 131.0.2903.70, setWindowRect: true, strictFileInteractability: false, timeouts: {implicit: 0, pageLoad: 300000, script: 30000}, unhandledPromptBehavior: dismiss and notify, webauthn:extension:credBlob: true, webauthn:extension:largeBlob: true, webauthn:extension:minPinLength: true, webauthn:extension:prf: true, webauthn:virtualAuthenticators: true}
Element: [[EdgeDriver: MicrosoftEdge on windows (e407fe92dd47b2b344ebcda2355b2549)] -&amp;gt; name: password]
Session ID: e407fe92dd47b2b344ebcda2355b2549">
      <![CDATA[org.openqa.selenium.ElementNotInteractableException: element not interactable
  (Session info: MicrosoftEdge=131.0.2903.70)
Build info: version: '4.26.0', revision: '8ccf0219d7'
System info: os.name: 'Windows 11', os.arch: 'amd64', os.version: '10.0', java.version: '22.0.1'
Driver info: org.openqa.selenium.edge.EdgeDriver
Command: [e407fe92dd47b2b344ebcda2355b2549, sendKeysToElement {value=[Ljava.lang.CharSequence;@4dba773d, id=f.BF05E15C7B65418D07D9CD98A9B4E8EA.d.EB412C2C33C5A4568F6354A17703EFEA.e.106}]
Capabilities {acceptInsecureCerts: false, browserName: MicrosoftEdge, browserVersion: 131.0.2903.70, fedcm:accounts: true, ms:edgeOptions: {debuggerAddress: localhost:59365}, msedge: {msedgedriverVersion: 131.0.2903.70 (73cf19ceae66..., userDataDir: C:\Users\Ritesh.s\AppData\L...}, networkConnectionEnabled: false, pageLoadStrategy: normal, platformName: windows, proxy: Proxy(), se:cdp: ws://localhost:59365/devtoo..., se:cdpVersion: 131.0.2903.70, setWindowRect: true, strictFileInteractability: false, timeouts: {implicit: 0, pageLoad: 300000, script: 30000}, unhandledPromptBehavior: dismiss and notify, webauthn:extension:credBlob: true, webauthn:extension:largeBlob: true, webauthn:extension:minPinLength: true, webauthn:extension:prf: true, webauthn:virtualAuthenticators: true}
Element: [[EdgeDriver: MicrosoftEdge on windows (e407fe92dd47b2b344ebcda2355b2549)] -> name: password]
Session ID: e407fe92dd47b2b344ebcda2355b2549
at org.openqa.selenium.remote.ErrorCodec.decode(ErrorCodec.java:167)
at org.openqa.selenium.remote.codec.w3c.W3CHttpResponseCodec.decode(W3CHttpResponseCodec.java:138)
at org.openqa.selenium.remote.codec.w3c.W3CHttpResponseCodec.decode(W3CHttpResponseCodec.java:50)
at org.openqa.selenium.remote.HttpCommandExecutor.execute(HttpCommandExecutor.java:190)
at org.openqa.selenium.remote.service.DriverCommandExecutor.invokeExecute(DriverCommandExecutor.java:216)
at org.openqa.selenium.remote.service.DriverCommandExecutor.execute(DriverCommandExecutor.java:174)
at org.openqa.selenium.remote.RemoteWebDriver.execute(RemoteWebDriver.java:545)
at org.openqa.selenium.remote.RemoteWebElement.execute(RemoteWebElement.java:223)
at org.openqa.selenium.remote.RemoteWebElement.sendKeys(RemoteWebElement.java:110)
at org.openqa.selenium.support.pagefactory.internal.LocatingElementHandler.invoke(LocatingElementHandler.java:51)
at jdk.proxy2/jdk.proxy2.$Proxy14.sendKeys(Unknown Source)
at Project1_Amazon.Loginpage.pwd(Loginpage.java:40)
at project_Amazontest.Testcase3_login_with_invalid_cred.login_with_incorrect_credentials(Testcase3_login_with_invalid_cred.java:21)
at java.base/java.util.ArrayList.forEach(ArrayList.java:1597)
... Removed 30 stack frames]]>
    </failure>
  </testcase> <!-- login_with_incorrect_credentials -->
  <testcase classname="project_Amazontest.Testcase10_updatingitems_removingfromcart" name="new_user_register" time="9.033"/>
  <testcase classname="project_Amazontest.Testcase2_login_with_correct_credentials" name="login_with_correct_credentials" time="4.639"/>
  <testcase classname="project_Amazontest.Testcase1_Registeramazon" name="new_user_register" time="1.909"/>
  <testcase classname="project_Amazontest.Testcase7_productdetailpage_displays_price_reviews_description" name="searching_shoe" time="10.959"/>
  <testcase classname="project_Amazontest.Testcase9_addingproducttocart" name="addtocart" time="0.0">
    <failure type="java.lang.Error" message="Unresolved compilation problem: 
	The method firstshirt() is undefined for the type Homepage
">
      <![CDATA[java.lang.Error: Unresolved compilation problem: 
The method firstshirt() is undefined for the type Homepage

at project_Amazontest.Testcase9_addingproducttocart.addtocart(Testcase9_addingproducttocart.java:23)
at java.base/java.util.ArrayList.forEach(ArrayList.java:1597)
... Removed 25 stack frames]]>
    </failure>
  </testcase> <!-- addtocart -->
  <testcase classname="project_Amazontest.Testcase6_searching_with_filter_category_price" name="searchwithfilters" time="42.756"/>
</testsuite> <!-- Test -->
