<html>
<head>
<title>TestNG:  Surefire test</title>
<link href="../testng.css" rel="stylesheet" type="text/css" />
<link href="../my-testng.css" rel="stylesheet" type="text/css" />

<style type="text/css">
.log { display: none;} 
.stack-trace { display: none;} 
</style>
<script type="text/javascript">
<!--
function flip(e) {
  current = e.style.display;
  if (current == 'block') {
    e.style.display = 'none';
    return 0;
  }
  else {
    e.style.display = 'block';
    return 1;
  }
}

function toggleBox(szDivId, elem, msg1, msg2)
{
  var res = -1;  if (document.getElementById) {
    res = flip(document.getElementById(szDivId));
  }
  else if (document.all) {
    // this is the way old msie versions work
    res = flip(document.all[szDivId]);
  }
  if(elem) {
    if(res == 0) elem.innerHTML = msg1; else elem.innerHTML = msg2;
  }

}

function toggleAllBoxes() {
  if (document.getElementsByTagName) {
    d = document.getElementsByTagName('div');
    for (i = 0; i < d.length; i++) {
      if (d[i].className == 'log') {
        flip(d[i]);
      }
    }
  }
}

// -->
</script>

</head>
<body>
<h2 align='center'>Surefire test</h2><table border='1' align="center">
<tr>
<td>Tests passed/Failed/Skipped:</td><td>8/1/0</td>
</tr><tr>
<td>Started on:</td><td>Mon Nov 25 10:45:54 IST 2024</td>
</tr>
<tr><td>Total time:</td><td>157 seconds (157180 ms)</td>
</tr><tr>
<td>Included groups:</td><td></td>
</tr><tr>
<td>Excluded groups:</td><td></td>
</tr>
</table><p/>
<small><i>(Hover the method name to see the test class name)</i></small><p/>
<table width='100%' border='1' class='invocation-failed'>
<tr><td colspan='4' align='center'><b>FAILED TESTS</b></td></tr>
<tr><td><b>Test method</b></td>
<td><b>Attribute(s)</b></td>
<td width="30%"><b>Exception</b></td>
<td width="10%"><b>Time (seconds)</b></td>
<td><b>Instance</b></td>
</tr>
<tr>
<td title='project_Amazontest.Testcase3_login_with_invalid_cred.login_with_incorrect_credentials()'><b>login_with_incorrect_credentials</b><br>Test class: project_Amazontest.Testcase3_login_with_invalid_cred<br/>
<a href="#Output-2040623756" onClick='toggleBox("Output-2040623756", this, "Show output", "Hide output");'>Show output</a>

<a href="#Output-2040623756" onClick="toggleAllBoxes();">Show all outputs</a>
<div class='log' id="Output-2040623756">
Testcase is fail<br/>
</div>
</td>
<td><div><pre>org.openqa.selenium.ElementNotInteractableException: element not interactable
  (Session info: MicrosoftEdge=131.0.2903.63)
Build info: version: &apos;4.26.0&apos;, revision: &apos;8ccf0219d7&apos;
System info: os.name: &apos;Windows 11&apos;, os.arch: &apos;amd64&apos;, os.version: &apos;10.0&apos;, java.version: &apos;22.0.1&apos;
Driver info: org.openqa.selenium.edge.EdgeDriver
Command: [32ba89e61b306696c6df7f7eaa86dfcf, sendKeysToElement {id=f.5B36394CA3F70D6882431D605DA1CC24.d.72F42465AEDC655D5939DD19FEFCC0A0.e.96, value=[Ljava.lang.CharSequence;@783efb48}]
Capabilities {acceptInsecureCerts: false, browserName: MicrosoftEdge, browserVersion: 131.0.2903.63, fedcm:accounts: true, ms:edgeOptions: {debuggerAddress: localhost:54139}, msedge: {msedgedriverVersion: 131.0.2903.63 (3cf4b3e782aa..., userDataDir: C:\Users\Ritesh.s\AppData\L...}, networkConnectionEnabled: false, pageLoadStrategy: normal, platformName: windows, proxy: Proxy(), se:cdp: ws://localhost:54139/devtoo..., se:cdpVersion: 131.0.2903.63, setWindowRect: true, strictFileInteractability: false, timeouts: {implicit: 0, pageLoad: 300000, script: 30000}, unhandledPromptBehavior: dismiss and notify, webauthn:extension:credBlob: true, webauthn:extension:largeBlob: true, webauthn:extension:minPinLength: true, webauthn:extension:prf: true, webauthn:virtualAuthenticators: true}
Element: [[EdgeDriver: MicrosoftEdge on windows (32ba89e61b306696c6df7f7eaa86dfcf)] -&gt; name: password]
Session ID: 32ba89e61b306696c6df7f7eaa86dfcf
	at org.openqa.selenium.remote.ErrorCodec.decode(ErrorCodec.java:167)
	at org.openqa.selenium.remote.codec.w3c.W3CHttpResponseCodec.decode(W3CHttpResponseCodec.java:138)
	at org.openqa.selenium.remote.codec.w3c.W3CHttpResponseCodec.decode(W3CHttpResponseCodec.java:50)
	at org.openqa.selenium.remote.HttpCommandExecutor.execute(HttpCommandExecutor.java:190)
	at org.openqa.selenium.remote.service.DriverCommandExecutor.invokeExecute(DriverCommandExecutor.java:216)
	at org.openqa.selenium.remote.service.DriverCommandExecutor.execute(DriverCommandExecutor.java:174)
	at org.openqa.selenium.remote.RemoteWebDriver.execute(RemoteWebDriver.java:545)
	at org.openqa.selenium.remote.RemoteWebElement.execute(RemoteWebElement.java:223)
	at org.openqa.selenium.remote.RemoteWebElement.sendKeys(RemoteWebElement.java:110)
	at org.openqa.selenium.support.pagefactory.internal.LocatingElementHandler.invoke(LocatingElementHandler.java:51)
	at jdk.proxy2/jdk.proxy2.$Proxy11.sendKeys(Unknown Source)
	at Project1_Amazon.Loginpage.pwd(Loginpage.java:40)
	at project_Amazontest.Testcase3_login_with_invalid_cred.login_with_incorrect_credentials(Testcase3_login_with_invalid_cred.java:21)
	at java.base/java.util.ArrayList.forEach(ArrayList.java:1597)
... Removed 35 stack frames</pre></div><a href='#' onClick='toggleBox("stack-trace2040623756", this, "Click to show all stack frames", "Click to hide stack frames")'>Click to show all stack frames</a>
<div class='stack-trace' id='stack-trace2040623756'><pre>org.openqa.selenium.ElementNotInteractableException: element not interactable
  (Session info: MicrosoftEdge=131.0.2903.63)
Build info: version: &apos;4.26.0&apos;, revision: &apos;8ccf0219d7&apos;
System info: os.name: &apos;Windows 11&apos;, os.arch: &apos;amd64&apos;, os.version: &apos;10.0&apos;, java.version: &apos;22.0.1&apos;
Driver info: org.openqa.selenium.edge.EdgeDriver
Command: [32ba89e61b306696c6df7f7eaa86dfcf, sendKeysToElement {id=f.5B36394CA3F70D6882431D605DA1CC24.d.72F42465AEDC655D5939DD19FEFCC0A0.e.96, value=[Ljava.lang.CharSequence;@783efb48}]
Capabilities {acceptInsecureCerts: false, browserName: MicrosoftEdge, browserVersion: 131.0.2903.63, fedcm:accounts: true, ms:edgeOptions: {debuggerAddress: localhost:54139}, msedge: {msedgedriverVersion: 131.0.2903.63 (3cf4b3e782aa..., userDataDir: C:\Users\Ritesh.s\AppData\L...}, networkConnectionEnabled: false, pageLoadStrategy: normal, platformName: windows, proxy: Proxy(), se:cdp: ws://localhost:54139/devtoo..., se:cdpVersion: 131.0.2903.63, setWindowRect: true, strictFileInteractability: false, timeouts: {implicit: 0, pageLoad: 300000, script: 30000}, unhandledPromptBehavior: dismiss and notify, webauthn:extension:credBlob: true, webauthn:extension:largeBlob: true, webauthn:extension:minPinLength: true, webauthn:extension:prf: true, webauthn:virtualAuthenticators: true}
Element: [[EdgeDriver: MicrosoftEdge on windows (32ba89e61b306696c6df7f7eaa86dfcf)] -&gt; name: password]
Session ID: 32ba89e61b306696c6df7f7eaa86dfcf
	at java.base/jdk.internal.reflect.DirectConstructorHandleAccessor.newInstance(DirectConstructorHandleAccessor.java:62)
	at java.base/java.lang.reflect.Constructor.newInstanceWithCaller(Constructor.java:502)
	at java.base/java.lang.reflect.Constructor.newInstance(Constructor.java:486)
	at org.openqa.selenium.remote.ErrorCodec.decode(ErrorCodec.java:167)
	at org.openqa.selenium.remote.codec.w3c.W3CHttpResponseCodec.decode(W3CHttpResponseCodec.java:138)
	at org.openqa.selenium.remote.codec.w3c.W3CHttpResponseCodec.decode(W3CHttpResponseCodec.java:50)
	at org.openqa.selenium.remote.HttpCommandExecutor.execute(HttpCommandExecutor.java:190)
	at org.openqa.selenium.remote.service.DriverCommandExecutor.invokeExecute(DriverCommandExecutor.java:216)
	at org.openqa.selenium.remote.service.DriverCommandExecutor.execute(DriverCommandExecutor.java:174)
	at org.openqa.selenium.remote.RemoteWebDriver.execute(RemoteWebDriver.java:545)
	at org.openqa.selenium.remote.RemoteWebElement.execute(RemoteWebElement.java:223)
	at org.openqa.selenium.remote.RemoteWebElement.sendKeys(RemoteWebElement.java:110)
	at java.base/jdk.internal.reflect.DirectMethodHandleAccessor.invoke(DirectMethodHandleAccessor.java:103)
	at java.base/java.lang.reflect.Method.invoke(Method.java:580)
	at org.openqa.selenium.support.pagefactory.internal.LocatingElementHandler.invoke(LocatingElementHandler.java:51)
	at jdk.proxy2/jdk.proxy2.$Proxy11.sendKeys(Unknown Source)
	at Project1_Amazon.Loginpage.pwd(Loginpage.java:40)
	at project_Amazontest.Testcase3_login_with_invalid_cred.login_with_incorrect_credentials(Testcase3_login_with_invalid_cred.java:21)
	at java.base/jdk.internal.reflect.DirectMethodHandleAccessor.invoke(DirectMethodHandleAccessor.java:103)
	at java.base/java.lang.reflect.Method.invoke(Method.java:580)
	at org.testng.internal.invokers.MethodInvocationHelper.invokeMethod(MethodInvocationHelper.java:139)
	at org.testng.internal.invokers.TestInvoker.invokeMethod(TestInvoker.java:664)
	at org.testng.internal.invokers.TestInvoker.invokeTestMethod(TestInvoker.java:227)
	at org.testng.internal.invokers.MethodRunner.runInSequence(MethodRunner.java:50)
	at org.testng.internal.invokers.TestInvoker$MethodInvocationAgent.invoke(TestInvoker.java:957)
	at org.testng.internal.invokers.TestInvoker.invokeTestMethods(TestInvoker.java:200)
	at org.testng.internal.invokers.TestMethodWorker.invokeTestMethods(TestMethodWorker.java:148)
	at org.testng.internal.invokers.TestMethodWorker.run(TestMethodWorker.java:128)
	at java.base/java.util.ArrayList.forEach(ArrayList.java:1597)
	at org.testng.TestRunner.privateRun(TestRunner.java:848)
	at org.testng.TestRunner.run(TestRunner.java:621)
	at org.testng.SuiteRunner.runTest(SuiteRunner.java:443)
	at org.testng.SuiteRunner.runSequentially(SuiteRunner.java:437)
	at org.testng.SuiteRunner.privateRun(SuiteRunner.java:397)
	at org.testng.SuiteRunner.run(SuiteRunner.java:336)
	at org.testng.SuiteRunnerWorker.runSuite(SuiteRunnerWorker.java:52)
	at org.testng.SuiteRunnerWorker.run(SuiteRunnerWorker.java:95)
	at org.testng.TestNG.runSuitesSequentially(TestNG.java:1280)
	at org.testng.TestNG.runSuitesLocally(TestNG.java:1200)
	at org.testng.TestNG.runSuites(TestNG.java:1114)
	at org.testng.TestNG.run(TestNG.java:1082)
	at org.apache.maven.surefire.testng.TestNGExecutor.run(TestNGExecutor.java:155)
	at org.apache.maven.surefire.testng.TestNGDirectoryTestSuite.executeMulti(TestNGDirectoryTestSuite.java:169)
	at org.apache.maven.surefire.testng.TestNGDirectoryTestSuite.execute(TestNGDirectoryTestSuite.java:88)
	at org.apache.maven.surefire.testng.TestNGProvider.invoke(TestNGProvider.java:137)
	at org.apache.maven.surefire.booter.ForkedBooter.runSuitesInProcess(ForkedBooter.java:385)
	at org.apache.maven.surefire.booter.ForkedBooter.execute(ForkedBooter.java:162)
	at org.apache.maven.surefire.booter.ForkedBooter.run(ForkedBooter.java:507)
	at org.apache.maven.surefire.booter.ForkedBooter.main(ForkedBooter.java:495)
</pre></div></td>
<td>1</td>
<td>project_Amazontest.Testcase3_login_with_invalid_cred@5ba3f27a</td></tr>
</table><p>
<table width='100%' border='1' class='invocation-passed'>
<tr><td colspan='4' align='center'><b>PASSED TESTS</b></td></tr>
<tr><td><b>Test method</b></td>
<td><b>Attribute(s)</b></td>
<td width="30%"><b>Exception</b></td>
<td width="10%"><b>Time (seconds)</b></td>
<td><b>Instance</b></td>
</tr>
<tr>
<td title='project_Amazontest.Testcase6_searching_with_filter_category_price.searchwithfilters()'><b>searchwithfilters</b><br>Test class: project_Amazontest.Testcase6_searching_with_filter_category_price<br/>
<a href="#Output-1899938605" onClick='toggleBox("Output-1899938605", this, "Show output", "Hide output");'>Show output</a>

<a href="#Output-1899938605" onClick="toggleAllBoxes();">Show all outputs</a>
<div class='log' id="Output-1899938605">
Testcase is pass<br/>
</div>
</td>
<td></td>
<td>22</td>
<td>project_Amazontest.Testcase6_searching_with_filter_category_price@741a8937</td></tr>
<tr>
<td title='project_Amazontest.Testcase4_edit_profile_information.Addnewaddress()'><b>Addnewaddress</b><br>Test class: project_Amazontest.Testcase4_edit_profile_information<br/>
<a href="#Output-2007704254" onClick='toggleBox("Output-2007704254", this, "Show output", "Hide output");'>Show output</a>

<a href="#Output-2007704254" onClick="toggleAllBoxes();">Show all outputs</a>
<div class='log' id="Output-2007704254">
Testcase is pass<br/>
</div>
</td>
<td></td>
<td>16</td>
<td>project_Amazontest.Testcase4_edit_profile_information@58d75e99</td></tr>
<tr>
<td title='project_Amazontest.Testcase10_updatingitems_removingfromcart.new_user_register()'><b>new_user_register</b><br>Test class: project_Amazontest.Testcase10_updatingitems_removingfromcart<br/>
<a href="#Output-1167327028" onClick='toggleBox("Output-1167327028", this, "Show output", "Hide output");'>Show output</a>

<a href="#Output-1167327028" onClick="toggleAllBoxes();">Show all outputs</a>
<div class='log' id="Output-1167327028">
Testcase is pass<br/>
</div>
</td>
<td></td>
<td>9</td>
<td>project_Amazontest.Testcase10_updatingitems_removingfromcart@32b260fa</td></tr>
<tr>
<td title='project_Amazontest.Testcase1_Registeramazon.new_user_register()'><b>new_user_register</b><br>Test class: project_Amazontest.Testcase1_Registeramazon<br/>
<a href="#Output-1733947537" onClick='toggleBox("Output-1733947537", this, "Show output", "Hide output");'>Show output</a>

<a href="#Output-1733947537" onClick="toggleAllBoxes();">Show all outputs</a>
<div class='log' id="Output-1733947537">
Testcase is pass<br/>
</div>
</td>
<td></td>
<td>2</td>
<td>project_Amazontest.Testcase1_Registeramazon@7bd4937b</td></tr>
<tr>
<td title='project_Amazontest.Testcase2_login_with_correct_credentials.login_with_correct_credentials()'><b>login_with_correct_credentials</b><br>Test class: project_Amazontest.Testcase2_login_with_correct_credentials<br/>
<a href="#Output-1943444495" onClick='toggleBox("Output-1943444495", this, "Show output", "Hide output");'>Show output</a>

<a href="#Output-1943444495" onClick="toggleAllBoxes();">Show all outputs</a>
<div class='log' id="Output-1943444495">
Testcase is pass<br/>
</div>
</td>
<td></td>
<td>2</td>
<td>project_Amazontest.Testcase2_login_with_correct_credentials@21e360a</td></tr>
<tr>
<td title='project_Amazontest.Testcase5_searchproduct_shoe.searching_shoe()'><b>searching_shoe</b><br>Test class: project_Amazontest.Testcase5_searchproduct_shoe<br/>
<a href="#Output-1980959273" onClick='toggleBox("Output-1980959273", this, "Show output", "Hide output");'>Show output</a>

<a href="#Output-1980959273" onClick="toggleAllBoxes();">Show all outputs</a>
<div class='log' id="Output-1980959273">
Testcase is pass<br/>
</div>
</td>
<td></td>
<td>8</td>
<td>project_Amazontest.Testcase5_searchproduct_shoe@74751b3</td></tr>
<tr>
<td title='project_Amazontest.Testcase7_productdetailpage_displays_price_reviews_description.searching_shoe()'><b>searching_shoe</b><br>Test class: project_Amazontest.Testcase7_productdetailpage_displays_price_reviews_description<br/>
<a href="#Output-630949334" onClick='toggleBox("Output-630949334", this, "Show output", "Hide output");'>Show output</a>

<a href="#Output-630949334" onClick="toggleAllBoxes();">Show all outputs</a>
<div class='log' id="Output-630949334">
Testcase is pass<br/>
</div>
</td>
<td></td>
<td>6</td>
<td>project_Amazontest.Testcase7_productdetailpage_displays_price_reviews_description@306e95ec</td></tr>
<tr>
<td title='project_Amazontest.Testcase9_addingproducttocart.addtocart()'><b>addtocart</b><br>Test class: project_Amazontest.Testcase9_addingproducttocart<br/>
<a href="#Output-1331275030" onClick='toggleBox("Output-1331275030", this, "Show output", "Hide output");'>Show output</a>

<a href="#Output-1331275030" onClick="toggleAllBoxes();">Show all outputs</a>
<div class='log' id="Output-1331275030">
Testcase is pass<br/>
</div>
</td>
<td></td>
<td>18</td>
<td>project_Amazontest.Testcase9_addingproducttocart@52af26ee</td></tr>
</table><p>
</body>
</html>