<?xml version="1.0" encoding="UTF-8"?>
<!-- Generated by org.testng.reporters.JUnitXMLReporter -->
<testsuite ignored="0" hostname="YCSLAP1011" failures="1" tests="9" name="Surefire test" time="157.18" errors="0" timestamp="2024-11-25T10:48:31 IST">
  <testcase classname="project_Amazontest.Testcase10_updatingitems_removingfromcart" name="new_user_register" time="9.254"/>
  <testcase classname="project_Amazontest.Testcase1_Registeramazon" name="new_user_register" time="2.345"/>
  <testcase classname="project_Amazontest.Testcase2_login_with_correct_credentials" name="login_with_correct_credentials" time="2.706"/>
  <testcase classname="project_Amazontest.Testcase3_login_with_invalid_cred" name="login_with_incorrect_credentials" time="1.421">
    <failure type="org.openqa.selenium.ElementNotInteractableException" message="element not interactable
  (Session info: MicrosoftEdge=131.0.2903.63)
Build info: version: &amp;apos;4.26.0&amp;apos;, revision: &amp;apos;8ccf0219d7&amp;apos;
System info: os.name: &amp;apos;Windows 11&amp;apos;, os.arch: &amp;apos;amd64&amp;apos;, os.version: &amp;apos;10.0&amp;apos;, java.version: &amp;apos;22.0.1&amp;apos;
Driver info: org.openqa.selenium.edge.EdgeDriver
Command: [32ba89e61b306696c6df7f7eaa86dfcf, sendKeysToElement {id=f.5B36394CA3F70D6882431D605DA1CC24.d.72F42465AEDC655D5939DD19FEFCC0A0.e.96, value=[Ljava.lang.CharSequence;@783efb48}]
Capabilities {acceptInsecureCerts: false, browserName: MicrosoftEdge, browserVersion: 131.0.2903.63, fedcm:accounts: true, ms:edgeOptions: {debuggerAddress: localhost:54139}, msedge: {msedgedriverVersion: 131.0.2903.63 (3cf4b3e782aa..., userDataDir: C:\Users\Ritesh.s\AppData\L...}, networkConnectionEnabled: false, pageLoadStrategy: normal, platformName: windows, proxy: Proxy(), se:cdp: ws://localhost:54139/devtoo..., se:cdpVersion: 131.0.2903.63, setWindowRect: true, strictFileInteractability: false, timeouts: {implicit: 0, pageLoad: 300000, script: 30000}, unhandledPromptBehavior: dismiss and notify, webauthn:extension:credBlob: true, webauthn:extension:largeBlob: true, webauthn:extension:minPinLength: true, webauthn:extension:prf: true, webauthn:virtualAuthenticators: true}
Element: [[EdgeDriver: MicrosoftEdge on windows (32ba89e61b306696c6df7f7eaa86dfcf)] -&amp;gt; name: password]
Session ID: 32ba89e61b306696c6df7f7eaa86dfcf">
      <![CDATA[org.openqa.selenium.ElementNotInteractableException: element not interactable
  (Session info: MicrosoftEdge=131.0.2903.63)
Build info: version: '4.26.0', revision: '8ccf0219d7'
System info: os.name: 'Windows 11', os.arch: 'amd64', os.version: '10.0', java.version: '22.0.1'
Driver info: org.openqa.selenium.edge.EdgeDriver
Command: [32ba89e61b306696c6df7f7eaa86dfcf, sendKeysToElement {id=f.5B36394CA3F70D6882431D605DA1CC24.d.72F42465AEDC655D5939DD19FEFCC0A0.e.96, value=[Ljava.lang.CharSequence;@783efb48}]
Capabilities {acceptInsecureCerts: false, browserName: MicrosoftEdge, browserVersion: 131.0.2903.63, fedcm:accounts: true, ms:edgeOptions: {debuggerAddress: localhost:54139}, msedge: {msedgedriverVersion: 131.0.2903.63 (3cf4b3e782aa..., userDataDir: C:\Users\Ritesh.s\AppData\L...}, networkConnectionEnabled: false, pageLoadStrategy: normal, platformName: windows, proxy: Proxy(), se:cdp: ws://localhost:54139/devtoo..., se:cdpVersion: 131.0.2903.63, setWindowRect: true, strictFileInteractability: false, timeouts: {implicit: 0, pageLoad: 300000, script: 30000}, unhandledPromptBehavior: dismiss and notify, webauthn:extension:credBlob: true, webauthn:extension:largeBlob: true, webauthn:extension:minPinLength: true, webauthn:extension:prf: true, webauthn:virtualAuthenticators: true}
Element: [[EdgeDriver: MicrosoftEdge on windows (32ba89e61b306696c6df7f7eaa86dfcf)] -> name: password]
Session ID: 32ba89e61b306696c6df7f7eaa86dfcf
at org.openqa.selenium.remote.ErrorCodec.decode(ErrorCodec.java:167)
at org.openqa.selenium.remote.codec.w3c.W3CHttpResponseCodec.decode(W3CHttpResponseCodec.java:138)
at org.openqa.selenium.remote.codec.w3c.W3CHttpResponseCodec.decode(W3CHttpResponseCodec.java:50)
at org.openqa.selenium.remote.HttpCommandExecutor.execute(HttpCommandExecutor.java:190)
at org.openqa.selenium.remote.service.DriverCommandExecutor.invokeExecute(DriverCommandExecutor.java:216)
at org.openqa.selenium.remote.service.DriverCommandExecutor.execute(DriverCommandExecutor.java:174)
at org.openqa.selenium.remote.RemoteWebDriver.execute(RemoteWebDriver.java:545)
at org.openqa.selenium.remote.RemoteWebElement.execute(RemoteWebElement.java:223)
at org.openqa.selenium.remote.RemoteWebElement.sendKeys(RemoteWebElement.java:110)
at org.openqa.selenium.support.pagefactory.internal.LocatingElementHandler.invoke(LocatingElementHandler.java:51)
at jdk.proxy2/jdk.proxy2.$Proxy11.sendKeys(Unknown Source)
at Project1_Amazon.Loginpage.pwd(Loginpage.java:40)
at project_Amazontest.Testcase3_login_with_invalid_cred.login_with_incorrect_credentials(Testcase3_login_with_invalid_cred.java:21)
at java.base/java.util.ArrayList.forEach(ArrayList.java:1597)
... Removed 35 stack frames]]>
    </failure>
  </testcase> <!-- login_with_incorrect_credentials -->
  <testcase classname="project_Amazontest.Testcase4_edit_profile_information" name="Addnewaddress" time="16.863"/>
  <testcase classname="project_Amazontest.Testcase5_searchproduct_shoe" name="searching_shoe" time="8.373"/>
  <testcase classname="project_Amazontest.Testcase6_searching_with_filter_category_price" name="searchwithfilters" time="22.527"/>
  <testcase classname="project_Amazontest.Testcase7_productdetailpage_displays_price_reviews_description" name="searching_shoe" time="6.889"/>
  <testcase classname="project_Amazontest.Testcase9_addingproducttocart" name="addtocart" time="18.396"/>
</testsuite> <!-- Surefire test -->
